<?xml version="1.0" encoding="UTF-8"?>
<testsuite xmlns:xsi="http://www.w3.org/2001/XMLSchema-instance" xsi:noNamespaceSchemaLocation="https://maven.apache.org/surefire/maven-surefire-plugin/xsd/surefire-test-report.xsd" version="3.0.2" name="com.bhumika.api.tests.CreateBooking_NegativeFlow_MissingMandatoryFields_Test" time="0.228" tests="1" errors="0" skipped="0" failures="0">
  <properties>
[...]
</properties>
  <testcase name="shouldFailOrError_whenFirstNameIsMissing" classname="com.bhumika.api.tests.CreateBooking_NegativeFlow_MissingMandatoryFields_Test" time="0.226"/>
</testsuite>